rra
rra
rra
rra
rra
pb
rra
rra
rra
rra
rra
rra
rra
rra
rra
rra
rra
rra
rra
rra
rra
pb
rra
rra
rra
rra
rra
rrb
pb
rra
rra
rra
rra
rra
rra
rra
rra
rra
rra
rra
rra
rra
rra
rra
rra
rra
rra
rra
rra
rra
rra
rra
rrb
pb
rra
rra
rra
rb
pb
rra
rra
rra
rra
rra
rra
rra
rra
rra
rra
rra
rra
rra
rra
rrb
rrb
pb
rra
rra
rra
rra
rra
rra
rra
rra
rra
rra
rra
rb
rb
pb
rra
rra
rra
rra
rra
rra
rra
rra
rra
rra
rra
rra
rra
rra
rra
rra
rra
rra
rra
rra
rra
rra
rra
rra
rrb
rrb
pb
rra
rra
rra
rra
rra
rra
rra
rra
rra
rrb
rrb
rrb
pb
rra
rra
rra
rra
rra
rra
rra
rra
rra
rra
rra
rra
rra
rra
rra
rra
rra
rra
rra
rra
rra
rra
rra
rra
rra
rra
rra
rrb
rrb
rrb
pb
rra
rra
rra
rra
rra
rra
pb
rra
rra
rra
rra
rrb
rrb
rrb
rrb
rrb
pb
rra
rra
rra
pb
rra
rra
rra
rra
rra
rra
rra
rra
rra
rra
rra
rra
rra
rra
rra
rra
rra
rra
rra
rra
rra
rra
rra
rra
rra
rra
rra
rra
rra
rra
rra
rra
rra
rra
rra
rra
rra
rra
rra
rra
rb
rb
rb
pb
rra
rra
rra
rra
rb
rb
rb
rb
rb
pb
rra
rra
rra
rrb
pb
rra
rra
rra
rra
rra
rra
rra
rra
rra
rra
rra
rra
rra
rra
rra
rb
rb
rb
rb
rb
rb
pb
rra
rra
rra
rra
rra
rra
rra
rra
rra
rra
rra
rra
rra
rra
rra
rra
rra
rra
rb
rb
pb
rra
rra
rra
rra
rra
rra
rra
rrb
rrb
pb
rra
rra
rra
rra
rra
rra
rra
rra
rra
rra
rra
rra
rra
rra
rra
rra
rra
rra
rrb
rrb
rrb
rrb
rrb
rrb
rrb
rrb
rrb
pb
rra
rra
rra
rra
rra
rra
rra
rra
rra
rra
rb
rb
rb
rb
rb
rb
rb
rb
pb
rra
rra
rra
rra
rra
rra
rra
rra
rra
rra
rra
rra
rra
rra
rra
rra
rra
rra
rra
rra
rra
rra
rra
rra
rra
rra
rra
rra
rrb
rrb
rrb
rrb
rrb
rrb
pb
rra
rra
rra
rra
rra
rrb
rrb
rrb
rrb
rrb
rrb
rrb
pb
rra
rra
rra
rra
rra
rra
rra
rra
rra
rra
rra
rra
rra
rrb
rrb
rrb
pb
rra
rra
rra
rra
rra
rra
rra
rra
rrb
pb
rra
rra
rra
rra
rra
rra
rra
rra
rra
rra
rra
rra
rra
rra
rra
rra
rra
rra
rra
rra
rrb
pb
rra
rra
rra
rb
rb
rb
rb
rb
rb
rb
pb
rra
rra
rra
rra
rra
rb
rb
rb
rb
rb
rb
rb
rb
rb
rb
rb
pb
rra
rrb
pb
rra
rrb
rrb
rrb
rrb
pb
rra
rra
rb
rb
rb
rb
rb
rb
rb
pb
rra
rra
rra
rra
rra
rra
rra
rra
rb
rb
pb
rra
rrb
rrb
rrb
rrb
rrb
rrb
rrb
rrb
rrb
rrb
rrb
rrb
rrb
rrb
pb
rra
rra
rra
rra
rra
rra
rra
rra
rra
rrb
rrb
rrb
rrb
rrb
rrb
rrb
rrb
rrb
rrb
rrb
pb
rra
rra
rra
rra
rra
rra
rra
rb
rb
rb
rb
rb
pb
rra
rra
rra
rra
rra
rra
rra
rra
rra
rra
rra
rra
rra
rra
rra
rra
rra
rra
rra
rra
rra
rra
rra
rra
rra
rrb
rrb
rrb
rrb
rrb
rrb
rrb
rrb
rrb
rrb
rrb
pb
rra
rra
rra
rra
rra
rb
rb
pb
rra
rra
rra
rra
rra
rra
rra
rra
rra
rra
rra
rrb
rrb
rrb
rrb
rrb
rrb
rrb
rrb
rrb
rrb
rrb
rrb
rrb
pb
rra
rra
rra
rra
rrb
rrb
rrb
rrb
rrb
rrb
rrb
rrb
rrb
rrb
rrb
rrb
rrb
rrb
rrb
rrb
rrb
rrb
pb
rra
rra
rra
rra
rra
rra
rra
rb
rb
pb
rra
rra
rra
rra
rra
rra
rra
rra
rra
rra
rra
rra
rra
rra
rrb
rrb
rrb
rrb
rrb
rrb
rrb
rrb
pb
rra
rra
rra
rra
rra
rra
rra
rra
rra
rra
rra
rra
rra
rra
rra
rb
rb
rb
rb
rb
rb
rb
rb
rb
rb
pb
rra
rrb
rrb
rrb
rrb
rrb
rrb
rrb
rrb
rrb
rrb
rrb
rrb
rrb
rrb
rrb
rrb
pb
rra
rra
rra
rra
rra
rra
pb
rra
rra
rra
rra
rra
rra
rrb
rrb
rrb
rrb
rrb
pb
rra
rra
rb
rb
rb
pb
rra
rb
pb
rra
rb
pb
ra
ra
ra
ra
ra
ra
ra
ra
ra
ra
ra
ra
ra
ra
pb
rrb
rrb
pb
ra
ra
ra
ra
ra
ra
ra
ra
ra
ra
rb
rb
rb
rb
pb
ra
ra
ra
ra
ra
ra
ra
ra
ra
ra
ra
ra
ra
ra
ra
ra
ra
ra
ra
ra
pb
ra
ra
ra
ra
ra
ra
ra
ra
ra
ra
ra
ra
ra
ra
ra
ra
ra
ra
ra
ra
ra
ra
ra
rb
rb
rb
pb
ra
ra
ra
ra
ra
ra
ra
ra
ra
ra
ra
ra
ra
rrb
rrb
rrb
rrb
rrb
rrb
rrb
pb
ra
ra
ra
ra
ra
ra
ra
ra
ra
ra
ra
ra
ra
ra
ra
ra
ra
ra
ra
ra
ra
ra
ra
ra
ra
ra
ra
ra
ra
ra
ra
ra
ra
ra
ra
ra
ra
rb
pb
ra
ra
ra
ra
ra
ra
ra
ra
ra
ra
ra
ra
ra
ra
rb
rb
pb
ra
ra
ra
ra
ra
ra
ra
ra
rb
rb
rb
rb
pb
ra
ra
rrb
rrb
rrb
rrb
pb
ra
ra
ra
ra
ra
ra
ra
ra
ra
rb
rb
pb
ra
ra
ra
ra
ra
ra
ra
ra
ra
ra
ra
ra
ra
ra
ra
ra
ra
ra
ra
ra
ra
ra
ra
ra
ra
ra
ra
ra
rrb
rrb
pb
ra
rb
rb
rb
rb
rb
rb
rb
rb
rb
rb
pb
rrb
rrb
rrb
pb
ra
ra
rb
rb
rb
rb
rb
pb
ra
rrb
rrb
rrb
rrb
rrb
rrb
rrb
rrb
rrb
rrb
rrb
rrb
rrb
pb
ra
ra
ra
ra
ra
ra
rb
rb
rb
rb
rb
pb
ra
ra
ra
ra
ra
ra
ra
ra
ra
rrb
rrb
rrb
rrb
rrb
rrb
rrb
pb
ra
ra
ra
ra
pb
ra
ra
ra
ra
ra
ra
ra
ra
ra
ra
ra
ra
ra
rb
rb
rb
rb
rb
rb
rb
rb
rb
rb
rb
rb
rb
rb
rb
rb
rb
rb
rb
rb
rb
pb
rrb
rrb
rrb
rrb
rrb
pb
ra
ra
ra
ra
rrb
rrb
rrb
rrb
rrb
rrb
rrb
rrb
rrb
rrb
rrb
rrb
rrb
rrb
pb
ra
ra
ra
ra
ra
ra
ra
ra
ra
ra
ra
ra
ra
ra
rb
rb
rb
rb
rb
rb
rb
rb
rb
rb
rb
rb
rb
rb
rb
rb
rb
rb
pb
ra
ra
ra
ra
ra
ra
ra
ra
ra
ra
ra
ra
ra
ra
ra
rrb
rrb
rrb
rrb
rrb
rrb
rrb
rrb
rrb
rrb
rrb
rrb
rrb
rrb
rrb
rrb
rrb
rrb
rrb
rrb
pb
ra
rb
rb
rb
rb
rb
rb
rb
rb
rb
rb
rb
rb
rb
rb
rb
rb
pb
ra
ra
ra
ra
ra
rb
pb
ra
ra
ra
ra
ra
ra
ra
ra
ra
ra
ra
ra
ra
ra
ra
ra
ra
ra
rrb
rrb
rrb
rrb
rrb
rrb
rrb
rrb
pb
ra
ra
ra
rb
rb
rb
rb
rb
rb
pb
rb
rb
rb
rb
rb
rb
rb
rb
rb
rb
rb
rb
rb
rb
pb
ra
ra
ra
ra
ra
ra
ra
rrb
rrb
rrb
rrb
rrb
rrb
rrb
rrb
rrb
rrb
rrb
pb
ra
ra
ra
ra
ra
ra
ra
ra
ra
ra
ra
ra
rb
rb
rb
rb
rb
rb
rb
rb
rb
rb
rb
rb
pb
ra
ra
ra
ra
ra
ra
ra
ra
ra
ra
rrb
rrb
rrb
rrb
rrb
rrb
rrb
rrb
rrb
rrb
rrb
pb
ra
ra
ra
ra
ra
ra
ra
ra
ra
ra
rrb
rrb
rrb
rrb
rrb
rrb
rrb
rrb
rrb
rrb
rrb
rrb
rrb
rrb
rrb
rrb
rrb
pb
ra
ra
ra
ra
ra
rb
rb
rb
rb
rb
rb
pb
ra
ra
rb
rb
rb
rb
rb
rb
rb
rb
rb
rb
rb
rb
rb
rb
rb
rb
rb
rb
rb
rb
rb
rb
rb
rb
rb
rb
rb
pb
ra
ra
ra
ra
ra
ra
ra
ra
ra
ra
ra
ra
ra
ra
ra
rrb
rrb
rrb
rrb
rrb
rrb
rrb
rrb
rrb
rrb
rrb
rrb
rrb
rrb
rrb
rrb
rrb
rrb
rrb
rrb
rrb
rrb
rrb
rrb
rrb
rrb
pb
ra
ra
ra
ra
rb
rb
rb
rb
rb
rb
rb
rb
rb
rb
rb
rb
rb
rb
rb
rb
rb
rb
rb
rb
rb
rb
pb
ra
ra
ra
ra
ra
ra
ra
ra
ra
ra
ra
ra
ra
ra
ra
rb
rb
rb
rb
rb
rb
rb
rb
rb
pb
ra
ra
ra
ra
ra
ra
ra
ra
ra
ra
ra
ra
ra
ra
ra
ra
rrb
pb
ra
rrb
rrb
rrb
rrb
rrb
rrb
rrb
pb
ra
ra
ra
ra
ra
ra
ra
pb
ra
ra
ra
ra
ra
rrb
rrb
rrb
rrb
rrb
rrb
rrb
rrb
rrb
rrb
rrb
rrb
rrb
rrb
rrb
rrb
rrb
rrb
rrb
rrb
pb
rra
rra
rra
rra
rra
rra
rra
rb
rb
rb
rb
rb
rb
rb
rb
rb
rb
rb
rb
rb
rb
rb
rb
rb
rb
rb
rb
rb
rb
rb
rb
rb
rb
rb
rb
rb
rb
rb
rb
rb
pb
rra
pb
rra
rra
rra
rra
rra
rra
rra
rra
rra
rb
pb
rra
rra
rra
rra
rra
rb
pb
rra
rb
rb
pb
rra
rra
rra
rra
rra
rra
rra
rra
rra
rra
rra
rra
rra
rra
rra
rra
rra
rra
rra
rra
rra
rra
rra
rb
pb
rra
rrb
rrb
rrb
pb
rra
rra
rra
rra
rra
rb
rb
rb
rb
pb
rra
rra
rra
rra
rra
rra
rra
rra
rra
rra
rra
rra
rra
rra
rra
rra
rrb
rrb
rrb
pb
rra
rra
rra
rb
pb
rra
rra
rra
rra
rra
rra
rra
rra
rra
rra
rra
rra
rra
rra
rra
rra
rra
rra
rra
rra
rra
rra
rra
rra
rra
rra
rra
rra
rra
rra
rra
rra
rra
rra
rra
rra
rra
rra
rrb
pb
rra
rra
rra
rra
rra
rra
rra
rra
rra
rra
rra
rra
rb
rb
rb
rb
rb
rb
rb
pb
rra
rra
rrb
pb
rra
rra
rrb
rrb
rrb
pb
rra
rra
rra
rra
rra
rra
rra
rra
rra
rra
rra
rra
rra
rra
rra
rra
rra
rra
rra
rra
rb
rb
rb
rb
rb
rb
pb
rra
rra
rra
rra
rra
rb
rb
pb
rra
rra
rra
rra
rra
rra
rra
rra
rra
rra
rra
rra
rrb
rrb
rrb
rrb
rrb
rrb
rrb
rrb
rrb
pb
rra
rra
rra
rra
rra
rra
rra
rb
rb
rb
rb
rb
rb
pb
rra
rra
rra
rra
rra
rra
rra
rra
rra
rra
rra
rra
rra
rra
rra
rra
rra
rra
rra
rra
rra
rra
rra
rra
rra
rra
rra
rra
rra
rra
rra
rra
rra
rra
rra
rra
rra
rra
rra
rra
rra
rra
rra
rrb
rrb
rrb
rrb
rrb
rrb
rrb
rrb
rrb
rrb
rrb
pb
rra
rra
rra
rra
rra
rra
rra
rra
rra
rra
rra
rra
rra
rra
rra
rra
rra
rra
rra
pb
rra
rra
rra
rra
rra
rra
rra
rra
rra
rra
rra
rb
rb
rb
rb
rb
rb
rb
rb
rb
rb
rb
rb
rb
pb
rra
rra
rra
rrb
rrb
rrb
rrb
rrb
rrb
rrb
rrb
rrb
rrb
rrb
pb
rra
rra
rra
rra
rra
rra
rra
rra
rra
rb
rb
rb
rb
rb
pb
rra
rrb
rrb
rrb
rrb
rrb
rrb
pb
rra
rra
rb
rb
rb
rb
rb
rb
rb
rb
rb
rb
rb
pb
rra
rra
rra
rra
rra
rra
rra
rra
rra
rra
rra
rra
rra
rra
rb
rb
rb
rb
rb
rb
rb
rb
rb
rb
pb
rra
rra
rrb
rrb
rrb
pb
rra
rra
rra
rra
rrb
rrb
rrb
rrb
pb
rra
rra
rra
rra
rra
rra
rra
rrb
rrb
rrb
rrb
rrb
rrb
rrb
rrb
rrb
pb
rra
rra
rra
rrb
rrb
rrb
rrb
pb
rra
rb
rb
rb
rb
rb
rb
rb
rb
rb
rb
rb
rb
rb
rb
rb
rb
rb
rb
rb
rb
rb
rb
rb
rb
rb
rb
rb
pb
rra
rrb
pb
rra
rra
rra
rrb
rrb
rrb
rrb
rrb
rrb
rrb
rrb
rrb
rrb
rrb
rrb
rrb
rrb
rrb
rrb
rrb
rrb
rrb
rrb
rrb
rrb
pb
rra
rb
rb
rb
rb
rb
rb
rb
rb
rb
rb
rb
pb
rra
rra
rra
rra
rra
rra
rra
rra
rra
rra
rra
rb
pb
rra
rra
rra
rra
rra
rra
rra
rra
rra
rra
rra
rrb
pb
rra
rra
rra
rra
rra
rra
rra
rra
rra
rra
rra
rra
rra
rra
pb
rra
rra
rra
rra
rra
rra
rra
rra
rra
rra
rra
rb
rb
rb
rb
rb
rb
rb
rb
rb
rb
rb
rb
rb
rb
rb
rb
rb
pb
rra
rra
rra
rra
rra
rra
rra
rra
rra
rrb
rrb
rrb
rrb
rrb
rrb
rrb
rrb
rrb
rrb
rrb
rrb
rrb
rrb
rrb
rrb
rrb
rrb
rrb
rrb
pb
rra
rra
rrb
pb
rra
rra
rra
rra
rra
rra
rra
rra
rra
rra
rra
rra
rra
rra
rra
rra
rra
rrb
rrb
rrb
rrb
rrb
rrb
rrb
pb
rra
rra
rb
rb
rb
rb
rb
rb
rb
rb
rb
rb
rb
rb
rb
rb
rb
rb
rb
rb
rb
rb
pb
rra
rrb
rrb
rrb
rrb
rrb
rrb
rrb
pb
rra
rra
rra
rb
rb
rb
rb
rb
rb
rb
rb
rb
rb
rb
rb
rb
rb
rb
rb
rb
rb
rb
rb
rb
pb
rra
rra
rra
rra
rra
rra
rra
rra
rra
rra
rra
rra
rrb
rrb
rrb
rrb
rrb
rrb
rrb
rrb
rrb
rrb
rrb
rrb
rrb
rrb
rrb
rrb
rrb
pb
rra
rra
rb
rb
rb
rb
rb
rb
rb
rb
rb
rb
rb
rb
rb
rb
rb
rb
rb
rb
rb
rb
rb
rb
pb
ra
ra
ra
ra
ra
ra
ra
ra
rb
pb
ra
ra
ra
ra
ra
ra
ra
ra
ra
ra
rrb
pb
ra
ra
ra
ra
ra
ra
ra
ra
ra
rb
rb
rb
pb
ra
ra
rrb
pb
rrb
rrb
pb
ra
ra
ra
ra
pb
ra
ra
ra
ra
ra
ra
pb
ra
ra
ra
ra
ra
ra
ra
ra
ra
ra
ra
rb
rb
rb
rb
rb
rb
rb
pb
ra
ra
ra
ra
ra
ra
ra
ra
ra
ra
ra
rrb
rrb
rrb
rrb
rrb
pb
ra
ra
ra
ra
ra
ra
ra
ra
ra
ra
ra
ra
pb
ra
ra
ra
ra
ra
ra
ra
ra
ra
ra
ra
ra
ra
ra
rrb
rrb
pb
ra
ra
ra
ra
ra
ra
rb
rb
rb
rb
rb
rb
rb
rb
rb
rb
rb
rb
pb
ra
ra
ra
rrb
pb
ra
ra
rrb
rrb
rrb
rrb
rrb
rrb
rrb
rrb
rrb
rrb
rrb
pb
ra
ra
ra
ra
ra
ra
ra
rb
rb
rb
pb
ra
rrb
rrb
pb
ra
ra
ra
rb
rb
rb
rb
rb
rb
rb
rb
rb
rb
rb
rb
rb
pb
ra
ra
ra
ra
ra
rrb
rrb
rrb
rrb
rrb
rrb
pb
ra
ra
ra
ra
ra
ra
ra
ra
ra
ra
ra
ra
ra
ra
ra
ra
ra
ra
ra
ra
ra
ra
ra
ra
rb
rb
rb
pb
ra
ra
rb
rb
rb
rb
pb
ra
ra
ra
ra
ra
ra
ra
ra
ra
rrb
rrb
rrb
rrb
rrb
rrb
rrb
rrb
rrb
rrb
rrb
rrb
rrb
pb
ra
rb
rb
pb
rb
rb
pb
ra
rb
rb
rb
rb
rb
rb
rb
rb
pb
ra
ra
rrb
rrb
rrb
rrb
rrb
rrb
rrb
rrb
pb
rb
rb
rb
rb
rb
rb
rb
rb
rb
rb
rb
rb
rb
rb
rb
rb
pb
ra
ra
ra
ra
ra
ra
ra
ra
ra
ra
ra
ra
ra
ra
rrb
rrb
rrb
rrb
rrb
rrb
rrb
rrb
rrb
rrb
rrb
rrb
rrb
rrb
rrb
rrb
rrb
rrb
rrb
pb
ra
ra
ra
ra
ra
ra
ra
ra
ra
ra
ra
ra
rb
rb
rb
rb
rb
rb
rb
rb
rb
rb
rb
rb
rb
rb
rb
rb
rb
rb
rb
rb
rb
pb
ra
ra
rrb
rrb
rrb
rrb
rrb
rrb
pb
ra
ra
rb
rb
rb
rb
rb
rb
rb
rb
rb
rb
rb
pb
ra
ra
ra
ra
ra
ra
ra
ra
ra
ra
ra
ra
ra
ra
ra
ra
ra
ra
ra
ra
ra
ra
ra
ra
ra
rrb
rrb
rrb
rrb
rrb
rrb
rrb
rrb
rrb
rrb
rrb
rrb
pb
ra
rb
rb
rb
rb
rb
rb
rb
pb
ra
ra
ra
ra
ra
rrb
rrb
rrb
rrb
rrb
rrb
rrb
rrb
rrb
rrb
rrb
rrb
rrb
pb
ra
ra
rb
rb
rb
rb
rb
rb
rb
rb
pb
ra
ra
ra
ra
ra
ra
ra
ra
ra
ra
ra
ra
ra
ra
ra
ra
ra
ra
ra
ra
ra
ra
ra
ra
ra
ra
ra
ra
ra
ra
ra
ra
ra
ra
ra
ra
ra
rb
rb
rb
rb
rb
rb
rb
rb
rb
rb
rb
pb
ra
ra
ra
ra
ra
ra
ra
ra
ra
rrb
rrb
rrb
rrb
rrb
rrb
rrb
rrb
rrb
rrb
rrb
rrb
rrb
rrb
rrb
rrb
rrb
rrb
rrb
rrb
rrb
rrb
rrb
rrb
rrb
rrb
rrb
rrb
rrb
rrb
pb
ra
ra
ra
ra
ra
rb
rb
rb
rb
rb
rb
rb
rb
rb
rb
rb
rb
rb
rb
rb
rb
rb
rb
rb
pb
ra
ra
ra
ra
rrb
rrb
rrb
rrb
rrb
rrb
rrb
rrb
pb
rb
rb
rb
rb
rb
rb
rb
rb
rb
rb
rb
rb
rb
rb
rb
rb
rb
rb
rb
rb
rb
rb
rb
rb
rb
rb
rb
pb
ra
ra
ra
ra
ra
ra
ra
rrb
rrb
rrb
rrb
rrb
rrb
rrb
rrb
rrb
rrb
rrb
rrb
rrb
rrb
pb
ra
ra
ra
ra
ra
ra
ra
ra
rrb
rrb
rrb
rrb
rrb
rrb
rrb
rrb
rrb
rrb
rrb
rrb
rrb
rrb
rrb
rrb
pb
ra
ra
ra
ra
ra
rrb
rrb
rrb
rrb
pb
ra
ra
rb
rb
rb
rb
rb
rb
rb
rb
rb
rb
rb
rb
rb
rb
rb
rb
rb
rb
rb
pb
ra
ra
ra
ra
ra
ra
ra
ra
ra
ra
ra
ra
ra
ra
ra
ra
ra
rrb
rrb
rrb
rrb
rrb
rrb
rrb
rrb
rrb
pb
ra
ra
rb
rb
rb
rb
rb
rb
rb
rb
rb
rb
rb
rb
rb
rb
rb
rb
rb
rb
rb
rb
rb
rb
rb
rb
rb
rb
rb
rb
rb
rb
rb
pb
ra
ra
pb
ra
ra
ra
ra
ra
ra
ra
rb
pb
ra
ra
ra
rb
pb
ra
ra
ra
ra
ra
rb
rb
pb
ra
ra
ra
ra
pb
ra
ra
ra
rrb
pb
ra
ra
ra
ra
ra
ra
ra
ra
ra
ra
rrb
rrb
pb
ra
ra
ra
ra
ra
ra
ra
ra
rb
rb
rb
pb
rb
pb
ra
rb
pb
ra
ra
ra
ra
ra
ra
ra
ra
ra
ra
ra
ra
ra
ra
ra
rb
rb
rb
rb
pb
ra
ra
ra
ra
ra
ra
ra
ra
ra
ra
ra
ra
ra
rrb
rrb
rrb
rrb
rrb
rrb
rrb
pb
ra
ra
ra
ra
ra
ra
ra
ra
ra
ra
ra
ra
rb
rb
rb
rb
rb
rb
rb
rb
rb
rb
pb
ra
ra
ra
ra
ra
ra
ra
ra
ra
ra
ra
ra
ra
ra
ra
ra
ra
rrb
rrb
rrb
rrb
rrb
rrb
rrb
rrb
rrb
rrb
rrb
pb
ra
ra
ra
ra
ra
ra
rb
rb
rb
rb
rb
rb
rb
rb
rb
rb
rb
rb
rb
pb
ra
ra
ra
ra
rrb
rrb
rrb
rrb
rrb
rrb
rrb
rrb
pb
ra
ra
rb
rb
rb
rb
rb
rb
rb
rb
pb
rrb
rrb
rrb
rrb
rrb
rrb
rrb
rrb
rrb
rrb
rrb
pb
ra
ra
ra
ra
ra
ra
rrb
rrb
pb
ra
ra
ra
ra
ra
ra
ra
rb
rb
rb
rb
pb
ra
ra
ra
ra
ra
ra
ra
ra
ra
ra
ra
ra
ra
ra
ra
ra
ra
ra
ra
ra
ra
ra
ra
ra
ra
rb
rb
rb
rb
rb
rb
rb
rb
rb
rb
rb
rb
pb
ra
ra
ra
ra
ra
ra
rb
rb
rb
rb
pb
ra
ra
ra
ra
ra
ra
ra
rrb
rrb
rrb
rrb
rrb
rrb
rrb
rrb
rrb
pb
rb
rb
rb
rb
rb
rb
rb
pb
ra
ra
ra
rrb
rrb
rrb
rrb
rrb
rrb
rrb
rrb
rrb
rrb
rrb
rrb
rrb
rrb
rrb
pb
ra
ra
ra
ra
ra
ra
ra
ra
ra
ra
ra
ra
ra
ra
rb
rb
rb
rb
rb
rb
rb
rb
rb
rb
rb
rb
rb
rb
rb
rb
rb
rb
rb
rb
pb
ra
ra
ra
rb
pb
ra
ra
ra
ra
ra
ra
ra
rrb
rrb
rrb
rrb
rrb
rrb
rrb
rrb
rrb
rrb
rrb
rrb
rrb
rrb
pb
ra
rb
rb
rb
rb
pb
ra
ra
ra
ra
ra
rb
rb
rb
rb
rb
rb
rb
pb
ra
ra
ra
ra
ra
ra
rrb
rrb
rrb
rrb
rrb
rrb
rrb
rrb
rrb
pb
ra
ra
ra
ra
ra
ra
ra
rrb
rrb
rrb
rrb
rrb
rrb
rrb
rrb
pb
ra
ra
ra
rb
rb
rb
pb
ra
rb
rb
rb
rb
rb
pb
ra
ra
ra
ra
ra
rb
rb
rb
rb
rb
rb
rb
rb
rb
rb
rb
rb
rb
rb
pb
ra
ra
ra
ra
ra
rb
rb
rb
rb
rb
rb
rb
pb
ra
ra
ra
ra
rrb
rrb
rrb
rrb
rrb
rrb
rrb
rrb
rrb
rrb
rrb
rrb
rrb
rrb
rrb
rrb
rrb
rrb
rrb
rrb
rrb
rrb
pb
ra
ra
ra
ra
ra
ra
ra
ra
ra
rb
rb
rb
pb
ra
ra
rrb
rrb
rrb
rrb
rrb
rrb
rrb
rrb
rrb
rrb
rrb
rrb
pb
ra
ra
ra
rb
rb
rb
rb
rb
rb
rb
pb
ra
ra
ra
ra
ra
ra
ra
ra
ra
ra
ra
rb
rb
rb
pb
ra
ra
ra
rb
rb
pb
ra
ra
ra
ra
ra
ra
rb
rb
rb
rb
rb
rb
rb
rb
rb
rb
rb
rb
rb
pb
ra
ra
ra
rrb
rrb
rrb
rrb
rrb
rrb
rrb
rrb
rrb
rrb
rrb
rrb
rrb
rrb
rrb
rrb
rrb
rrb
pb
ra
rb
rb
rb
rb
rb
rb
rb
rb
rb
rb
rb
rb
rb
rb
rb
rb
rb
rb
rb
rb
rb
rb
rb
rb
rb
rb
rb
rb
rb
rb
rb
rb
rb
rb
pb
rra
rra
rra
pb
ra
ra
ra
ra
ra
ra
ra
ra
ra
ra
ra
pb
ra
ra
ra
ra
ra
ra
ra
ra
ra
ra
ra
ra
ra
ra
rb
pb
ra
ra
ra
ra
ra
rb
pb
ra
rb
pb
rb
pb
rrb
rrb
pb
rrb
pb
ra
ra
ra
rb
rb
rb
rb
rb
pb
ra
ra
ra
ra
ra
ra
ra
ra
ra
ra
ra
pb
ra
rrb
rrb
rrb
rrb
rrb
rrb
pb
ra
ra
ra
ra
ra
ra
rb
rb
rb
rb
rb
rb
pb
ra
ra
rrb
rrb
rrb
pb
rb
rb
rb
rb
rb
rb
rb
pb
rb
pb
ra
ra
ra
ra
ra
rrb
rrb
rrb
rrb
rrb
rrb
rrb
rrb
rrb
pb
rb
rb
rb
rb
rb
rb
rb
rb
rb
rb
rb
pb
ra
ra
ra
ra
ra
ra
ra
ra
ra
ra
ra
ra
rrb
rrb
rrb
rrb
rrb
rrb
rrb
rrb
rrb
rrb
pb
ra
ra
ra
ra
ra
ra
ra
ra
rb
rb
rb
rb
rb
rb
rb
rb
rb
rb
pb
ra
ra
ra
ra
ra
rb
rb
rb
rb
rb
rb
rb
pb
ra
rrb
rrb
rrb
rrb
rrb
rrb
rrb
rrb
rrb
rrb
rrb
rrb
rrb
pb
ra
rb
rb
rb
rb
rb
rb
rb
rb
pb
ra
ra
ra
ra
ra
ra
ra
ra
ra
ra
ra
ra
ra
ra
ra
rrb
rrb
rrb
rrb
rrb
rrb
rrb
pb
ra
ra
ra
ra
ra
ra
ra
ra
ra
ra
ra
ra
ra
ra
ra
ra
pb
rb
rb
rb
rb
rb
rb
rb
rb
rb
rb
rb
rb
rb
rb
rb
pb
ra
ra
ra
ra
ra
ra
rrb
rrb
rrb
rrb
rrb
rrb
rrb
rrb
rrb
rrb
rrb
rrb
rrb
pb
ra
ra
ra
rb
rb
rb
rb
rb
rb
rb
rb
rb
rb
rb
rb
rb
rb
rb
rb
rb
pb
ra
rrb
rrb
rrb
rrb
rrb
rrb
rrb
rrb
rrb
pb
ra
rrb
rrb
rrb
rrb
rrb
rrb
rrb
rrb
rrb
rrb
rrb
pb
ra
ra
ra
ra
ra
ra
ra
ra
ra
ra
ra
ra
ra
ra
ra
ra
ra
ra
ra
ra
ra
ra
ra
ra
rrb
rrb
rrb
rrb
pb
ra
ra
ra
rb
rb
pb
rrb
rrb
rrb
rrb
rrb
pb
ra
ra
ra
ra
ra
rb
rb
rb
rb
rb
rb
pb
ra
rrb
rrb
pb
ra
ra
ra
ra
ra
ra
ra
ra
ra
ra
ra
ra
ra
ra
ra
ra
ra
pb
ra
ra
ra
rb
rb
rb
rb
rb
rb
rb
rb
rb
rb
rb
rb
rb
rb
rb
rb
rb
rb
rb
rb
rb
rb
rb
rb
rb
rb
rb
rb
rb
rb
rb
pb
ra
ra
rrb
rrb
rrb
rrb
rrb
rrb
rrb
rrb
rrb
rrb
rrb
rrb
rrb
rrb
rrb
rrb
rrb
rrb
rrb
rrb
rrb
rrb
rrb
pb
rb
rb
rb
rb
pb
ra
ra
ra
ra
ra
ra
ra
ra
ra
ra
ra
ra
ra
ra
ra
ra
ra
ra
rrb
rrb
rrb
rrb
rrb
rrb
rrb
rrb
rrb
pb
ra
rb
rb
rb
rb
rb
rb
rb
rb
rb
rb
rb
rb
rb
rb
rb
rb
rb
rb
rb
pb
ra
ra
ra
ra
ra
ra
ra
rrb
rrb
rrb
rrb
rrb
rrb
rrb
rrb
rrb
rrb
rrb
pb
ra
ra
rb
rb
rb
rb
rb
rb
rb
rb
rb
pb
rrb
rrb
rrb
rrb
rrb
rrb
rrb
rrb
rrb
rrb
rrb
rrb
rrb
rrb
rrb
rrb
rrb
rrb
rrb
rrb
rrb
rrb
pb
ra
ra
ra
ra
ra
rb
rb
rb
rb
rb
rb
rb
rb
rb
rb
rb
rb
rb
rb
rb
rb
rb
rb
rb
rb
rb
rb
rb
rb
rb
rb
rb
rb
rb
rb
rb
pb
rra
rra
rra
rb
rb
rb
rb
rb
rb
rb
rb
rb
rb
rb
rb
pb
rra
rra
pb
rra
rra
rb
pb
rra
rra
rra
rra
rra
rra
rra
rra
rb
pb
rra
rra
rra
rra
rra
pb
rra
rra
rrb
rrb
pb
rra
rra
rra
rb
rb
pb
rra
rra
rra
rra
rra
rra
rb
pb
rra
rra
rrb
pb
rra
rra
rra
rra
rra
rra
rra
rra
rra
rra
rra
rra
rra
rb
rb
rb
rb
rb
rb
pb
rra
rra
rra
pb
rra
rra
rra
rra
rra
rra
rra
rra
rra
rra
rra
rra
rra
rra
rra
rra
rra
rra
rb
rb
rb
pb
rra
rra
rra
rra
rrb
rrb
rrb
rrb
rrb
rrb
rrb
rrb
pb
rra
rra
rra
rra
rra
rra
rra
rra
rra
rra
rra
rra
rra
rrb
pb
rra
rra
rrb
pb
rra
rra
rra
rra
rra
rra
pb
rra
rra
rra
rra
rra
rrb
pb
rra
rra
rra
rra
rra
rra
rra
rra
rb
rb
rb
rb
rb
rb
rb
rb
rb
rb
rb
pb
rra
rb
rb
rb
rb
rb
pb
rra
rra
rra
rra
rra
rra
rrb
rrb
rrb
rrb
rrb
rrb
rrb
rrb
rrb
rrb
rrb
rrb
rrb
pb
rra
rra
rb
rb
rb
rb
rb
rb
rb
rb
rb
rb
rb
rb
rb
rb
rb
rb
rb
pb
rra
rra
rrb
rrb
rrb
rrb
rrb
pb
rra
rrb
rrb
rrb
rrb
pb
rra
rra
rra
rb
pb
rra
rra
rra
rra
rrb
rrb
rrb
rrb
rrb
rrb
rrb
rrb
pb
rra
rra
rra
rra
rra
rra
rb
rb
rb
rb
rb
rb
rb
rb
rb
rb
rb
rb
rb
rb
rb
pb
rra
rra
rra
rra
rra
rra
rra
rra
rra
rra
rra
rra
rrb
rrb
rrb
pb
rra
rra
rra
rra
rra
rrb
rrb
rrb
rrb
rrb
rrb
rrb
rrb
rrb
rrb
rrb
rrb
rrb
pb
rra
rra
rb
rb
rb
rb
rb
rb
rb
rb
rb
rb
rb
rb
rb
rb
rb
rb
rb
rb
rb
rb
rb
rb
rb
pb
rra
rrb
rrb
rrb
rrb
rrb
rrb
rrb
rrb
rrb
rrb
rrb
rrb
rrb
rrb
rrb
rrb
rrb
rrb
rrb
rrb
rrb
pb
rra
rra
rra
rra
rra
rb
rb
rb
rb
rb
rb
rb
rb
rb
rb
rb
rb
rb
rb
rb
rb
rb
rb
rb
rb
rb
rb
rb
pb
rra
rra
rrb
rrb
rrb
rrb
rrb
rrb
rrb
rrb
rrb
rrb
rrb
rrb
rrb
rrb
rrb
pb
rra
rra
rra
rrb
pb
rra
rra
rra
rra
rb
rb
rb
rb
rb
rb
rb
rb
rb
rb
rb
rb
rb
rb
rb
pb
rra
rra
rra
rra
rrb
rrb
rrb
rrb
rrb
rrb
rrb
rrb
rrb
rrb
rrb
rrb
rrb
rrb
rrb
rrb
rrb
rrb
rrb
rrb
pb
rra
rb
rb
rb
rb
rb
rb
rb
rb
rb
rb
rb
rb
rb
rb
rb
rb
pb
rra
rra
rra
rra
rra
rra
rrb
rrb
rrb
rrb
rrb
rrb
rrb
rrb
rrb
rrb
rrb
rrb
rrb
rrb
rrb
rrb
rrb
rrb
rrb
rrb
pb
rra
rra
rra
rra
rra
rb
rb
rb
rb
rb
rb
rb
rb
rb
rb
rb
rb
rb
rb
rb
rb
rb
rb
rb
rb
pb
rra
rra
rrb
rrb
rrb
rrb
rrb
rrb
rrb
rrb
rrb
rrb
rrb
rrb
rrb
pb
rra
rra
rra
rra
rra
rra
rra
rra
rra
rb
rb
rb
rb
rb
rb
rb
rb
rb
rb
rb
rb
rb
rb
rb
rb
pb
rra
rra
rra
rra
rra
rra
rrb
rrb
rrb
rrb
rrb
rrb
pb
rra
rra
rra
rra
rra
rb
rb
rb
rb
rb
rb
rb
rb
rb
rb
pb
rra
rrb
rrb
rrb
rrb
rrb
rrb
rrb
rrb
rrb
rrb
rrb
rrb
rrb
rrb
rrb
pb
rra
rra
rra
rra
rra
rra
rra
rb
rb
rb
pb
rra
rra
rra
rra
rra
rra
rra
rra
rra
rra
rrb
pb
rra
rb
rb
rb
rb
rb
rb
rb
rb
rb
rb
rb
rb
rb
rb
rb
rb
rb
rb
rb
rb
rb
rb
rb
rb
rb
rb
rb
rb
pb
rra
rra
rra
rb
pb
rra
rb
pb
rra
rb
pb
rra
rrb
rrb
rrb
pb
rra
rra
rra
rb
rb
rb
rb
pb
rra
rra
rra
rb
rb
pb
rra
rb
pb
rra
rra
rra
pb
rra
rra
rra
rrb
rrb
rrb
rrb
pb
rra
rra
rra
rra
rra
rra
rra
rra
rra
rra
rra
rra
rra
rra
rra
rb
rb
rb
pb
rra
rra
rra
rb
rb
rb
pb
rra
rra
rra
rra
rra
rra
rra
rra
rra
rrb
rrb
rrb
rrb
rrb
rrb
rrb
pb
rra
rra
rra
rra
rra
rra
rra
rb
pb
rra
rra
rra
rra
rra
rra
rra
rra
rra
pb
rra
rra
rra
rra
rrb
rrb
rrb
pb
rra
rra
rra
rra
rb
rb
rb
rb
rb
rb
rb
rb
pb
rra
rra
rra
rra
rra
rra
rrb
rrb
rrb
rrb
rrb
rrb
pb
rra
rra
rb
pb
rra
rra
rra
rra
rra
rb
rb
rb
rb
rb
rb
rb
rb
rb
rb
rb
pb
rra
rra
rra
rra
rb
rb
rb
rb
pb
rra
rra
rra
rrb
rrb
rrb
rrb
rrb
pb
rra
rra
rra
rra
rra
rrb
rrb
rrb
rrb
rrb
rrb
rrb
rrb
pb
rra
rra
rra
rra
rra
rra
rra
rra
rb
rb
rb
rb
rb
rb
pb
rra
rra
rra
rra
rra
rra
rra
rrb
rrb
rrb
rrb
rrb
rrb
rrb
rrb
rrb
rrb
rrb
pb
rra
rb
rb
rb
rb
rb
rb
rb
rb
rb
rb
rb
rb
rb
rb
rb
rb
rb
pb
rra
rrb
rrb
rrb
rrb
rrb
pb
rra
rra
rb
rb
rb
rb
rb
rb
rb
rb
rb
rb
rb
pb
rra
rra
rrb
rrb
rrb
rrb
rrb
rrb
rrb
rrb
rrb
rrb
rrb
rrb
pb
rra
rra
rra
rrb
rrb
rrb
rrb
rrb
rrb
rrb
rrb
rrb
rrb
rrb
pb
rra
rra
rra
rra
rra
rra
rra
rra
rra
rra
rb
rb
rb
pb
rra
rrb
rrb
pb
rra
rra
rra
rb
rb
rb
rb
rb
rb
rb
rb
rb
rb
rb
rb
rb
rb
rb
rb
rb
rb
rb
rb
rb
rb
rb
rb
rb
rb
rb
rb
rb
rb
pb
rra
rra
rra
rra
rra
rra
rra
rrb
rrb
rrb
rrb
rrb
rrb
rrb
rrb
rrb
rrb
rrb
rrb
rrb
rrb
rrb
rrb
rrb
rrb
rrb
rrb
rrb
rrb
rrb
rrb
rrb
rrb
rrb
rrb
rrb
rrb
rrb
pb
rra
rb
rb
rb
rb
rb
rb
rb
rb
rb
rb
rb
rb
pb
rra
rra
rra
rra
rrb
pb
rra
rrb
rrb
rrb
rrb
rrb
rrb
rrb
rrb
rrb
rrb
rrb
pb
rra
rra
rra
rra
rra
rra
rra
rb
rb
rb
rb
rb
rb
rb
rb
rb
rb
rb
rb
rb
rb
rb
rb
rb
rb
rb
rb
rb
pb
rra
rrb
rrb
rrb
pb
rra
rra
rra
rra
rra
rra
rb
pb
rra
rra
rra
rra
rrb
rrb
rrb
pb
rra
rra
rra
rb
rb
rb
rb
rb
rb
rb
rb
rb
rb
rb
rb
rb
rb
rb
rb
rb
rb
rb
rb
pb
rra
rb
rb
pb
rra
rra
rra
rra
rb
rb
pb
rra
rra
rra
rra
rra
rra
rra
rrb
rrb
rrb
rrb
rrb
pb
rb
rb
rb
rb
rb
rb
rb
rb
rb
rb
pb
rra
rra
rra
rra
rra
rra
rb
pb
rra
rb
pb
rra
rra
rra
rra
rra
rra
rra
pb
rra
rra
pb
rra
rra
rb
pb
rra
rra
rra
rra
rra
rra
rrb
rrb
pb
rra
rb
rb
rb
pb
rra
rb
pb
rra
rra
rrb
rrb
rrb
pb
rra
rra
rb
rb
rb
rb
rb
rb
rb
pb
rra
rra
rra
rb
pb
rra
rra
rrb
rrb
rrb
rrb
rrb
rrb
rrb
rrb
rrb
rrb
pb
rra
rra
rb
pb
rra
rra
rra
rra
rra
rra
rra
rra
rra
rra
rra
rb
rb
rb
rb
rb
pb
rra
rra
rb
rb
pb
rra
rb
rb
rb
rb
rb
pb
rra
rra
rrb
rrb
rrb
pb
rra
rra
rra
rra
rra
rrb
rrb
rrb
rrb
rrb
rrb
pb
rra
rra
rra
rra
rra
rra
rra
rra
rb
rb
rb
rb
rb
rb
rb
rb
pb
rra
rb
rb
rb
rb
rb
rb
rb
rb
pb
rra
rra
rra
rra
rrb
rrb
rrb
rrb
rrb
rrb
rrb
rrb
rrb
rrb
rrb
rrb
rrb
pb
rra
rb
rb
rb
rb
rb
rb
rb
pb
rra
rra
rra
rra
rrb
rrb
rrb
rrb
rrb
rrb
rrb
rrb
rrb
rrb
rrb
rrb
rrb
pb
rra
rb
rb
pb
rra
rra
rra
rra
rra
rra
rb
rb
rb
rb
rb
rb
rb
rb
rb
rb
rb
rb
rb
rb
rb
rb
rb
rb
rb
rb
rb
rb
pb
rra
rra
rra
rra
rrb
rrb
rrb
pb
rra
rrb
rrb
rrb
rrb
rrb
rrb
rrb
pb
rra
rra
rra
rra
rra
rra
rra
rra
rra
rra
rra
rrb
rrb
rrb
rrb
rrb
rrb
rrb
rrb
rrb
rrb
rrb
rrb
rrb
rrb
rrb
pb
rra
rra
rb
rb
rb
rb
rb
rb
rb
rb
rb
rb
rb
rb
rb
rb
pb
rra
rb
pb
rra
rrb
rrb
rrb
rrb
rrb
rrb
rrb
rrb
rrb
rrb
pb
rra
rrb
rrb
pb
rra
rra
rra
rra
rb
rb
rb
rb
rb
rb
rb
rb
rb
rb
rb
rb
rb
rb
pb
rra
rb
rb
rb
rb
rb
rb
rb
rb
rb
rb
rb
rb
pb
rra
rra
rrb
rrb
rrb
rrb
rrb
rrb
rrb
rrb
rrb
rrb
rrb
rrb
rrb
rrb
rrb
rrb
pb
rra
rrb
rrb
rrb
rrb
rrb
rrb
pb
rra
rb
rb
rb
rb
rb
rb
rb
rb
rb
pb
rra
rra
rrb
rrb
rrb
rrb
rrb
rrb
pb
rra
rra
rra
rrb
rrb
rrb
rrb
rrb
rrb
rrb
rrb
rrb
pb
rra
rb
rb
rb
rb
rb
rb
rb
rb
rb
rb
rb
rb
rb
rb
rb
rb
rb
rb
rb
rb
rb
rb
rb
rb
rb
rb
rb
rb
rb
rb
rb
rb
rb
rb
rb
pb
rra
rra
rrb
rrb
rrb
rrb
rrb
rrb
rrb
rrb
rrb
rrb
rrb
rrb
rrb
rrb
rrb
pb
rra
rra
rra
rra
rra
rra
rra
rb
rb
rb
rb
rb
rb
rb
rb
rb
rb
rb
rb
rb
pb
rra
rra
rra
rrb
rrb
rrb
rrb
rrb
rrb
rrb
rrb
rrb
rrb
rrb
rrb
rrb
rrb
rrb
rrb
rrb
rrb
pb
rra
rra
rb
rb
rb
rb
rb
rb
rb
rb
pb
rb
rb
rb
rb
rb
rb
rb
rb
rb
rb
rb
rb
rb
rb
rb
rb
rb
rb
rb
rb
rb
pb
rra
rb
pb
rra
pb
rra
rra
rb
pb
rra
rra
rb
rb
pb
rra
rb
pb
rra
rra
rra
pb
rra
rra
rb
rb
pb
rra
rrb
rrb
pb
rra
rra
rra
rb
rb
rb
pb
rra
rra
rra
rrb
rrb
rrb
rrb
rrb
rrb
rrb
pb
rra
rra
rb
rb
rb
rb
rb
rb
rb
rb
pb
rra
rrb
rrb
rrb
rrb
rrb
rrb
rrb
rrb
rrb
pb
rra
rb
rb
rb
rb
rb
pb
rra
rra
rra
rra
rra
rra
rra
pb
rra
rb
rb
rb
rb
pb
rra
rrb
rrb
rrb
pb
rra
rb
rb
rb
rb
rb
pb
rra
rra
rra
rra
rb
rb
rb
rb
rb
rb
rb
pb
rra
rra
rrb
rrb
rrb
rrb
pb
rra
rrb
rrb
rrb
rrb
rrb
rrb
rrb
rrb
rrb
rrb
rrb
rrb
pb
rra
rb
rb
rb
rb
rb
rb
rb
rb
rb
rb
rb
rb
rb
rb
pb
rra
rrb
rrb
rrb
rrb
rrb
pb
rra
rra
rrb
rrb
rrb
rrb
rrb
rrb
rrb
rrb
rrb
rrb
pb
rra
rb
rb
rb
rb
rb
rb
rb
rb
rb
rb
rb
rb
rb
rb
rb
rb
rb
rb
rb
rb
rb
pb
rra
rrb
rrb
rrb
rrb
rrb
rrb
rrb
rrb
rrb
rrb
rrb
rrb
rrb
rrb
rrb
pb
rra
rb
rb
rb
rb
rb
rb
rb
rb
rb
rb
rb
rb
rb
rb
rb
rb
rb
rb
rb
pb
rra
rra
rrb
rrb
rrb
rrb
rrb
rrb
rrb
rrb
rrb
rrb
rrb
rrb
rrb
rrb
rrb
rrb
rrb
rrb
rrb
rrb
rrb
rrb
pb
rra
rb
rb
rb
rb
rb
rb
rb
rb
rb
rb
rb
rb
rb
rb
rb
rb
rb
rb
rb
rb
rb
pb
rra
rra
rra
rrb
rrb
rrb
pb
rra
rra
rra
rrb
rrb
rrb
rrb
rrb
rrb
rrb
rrb
rrb
rrb
rrb
rrb
rrb
rrb
rrb
rrb
rrb
rrb
rrb
rrb
pb
rra
rb
rb
rb
rb
rb
rb
rb
rb
rb
rb
rb
rb
rb
rb
rb
rb
rb
pb
rra
rra
rrb
rrb
rrb
rrb
rrb
rrb
rrb
rrb
rrb
rrb
rrb
rrb
rrb
rrb
pb
rra
rra
rb
rb
rb
rb
rb
rb
rb
rb
rb
rb
rb
rb
rb
rb
rb
rb
rb
rb
rb
rb
rb
rb
rb
rb
rb
pb
rra
rrb
rrb
rrb
rrb
rrb
rrb
rrb
rrb
rrb
rrb
rrb
rrb
rrb
rrb
rrb
rrb
rrb
rrb
rrb
rrb
rrb
rrb
rrb
rrb
rrb
rrb
rrb
rrb
rrb
rrb
pb
rra
rb
rb
rb
rb
pb
rra
rra
rra
rb
rb
rb
rb
rb
rb
rb
rb
pb
rra
rrb
rrb
rrb
rrb
rrb
rrb
rrb
pb
rra
rra
rra
rra
rb
rb
rb
rb
rb
rb
rb
rb
rb
rb
pb
rra
rra
rra
rrb
rrb
rrb
rrb
rrb
rrb
rrb
rrb
rrb
rrb
rrb
pb
rra
rra
rra
rra
rra
rb
rb
rb
rb
rb
rb
rb
rb
rb
rb
rb
rb
rb
rb
rb
rb
rb
rb
rb
pb
rra
rrb
rrb
rrb
rrb
rrb
rrb
rrb
rrb
rrb
rrb
rrb
rrb
rrb
rrb
rrb
rrb
rrb
rrb
rrb
rrb
rrb
rrb
rrb
pb
rra
rra
rb
rb
rb
rb
rb
rb
rb
rb
rb
rb
rb
rb
rb
rb
rb
rb
rb
rb
rb
pb
rra
rra
rb
pb
rra
rra
rra
rra
rra
rra
rrb
rrb
rrb
pb
rb
rb
rb
rb
rb
rb
rb
rb
rb
rb
rb
rb
rb
rb
rb
rb
rb
rb
rb
rb
rb
rb
rb
rb
rb
rb
rb
rb
pb
rra
pb
rra
rb
pb
rra
rrb
pb
rra
rb
rb
pb
rra
rb
rb
rb
pb
rra
rrb
pb
rra
rrb
pb
rra
rb
rb
rb
pb
rra
rrb
pb
rra
rb
rb
rb
pb
rra
rrb
rrb
pb
rra
rrb
rrb
pb
rra
rrb
rrb
rrb
rrb
pb
rra
rb
rb
rb
rb
rb
rb
rb
rb
pb
rra
rrb
rrb
rrb
rrb
pb
rra
rrb
rrb
pb
rra
rb
rb
rb
rb
rb
rb
rb
rb
rb
rb
pb
ra
rrb
rrb
rrb
pb
rb
rb
rb
rb
rb
rb
rb
pb
rrb
rrb
rrb
rrb
rrb
rrb
rrb
pb
rrb
rrb
pb
ra
rrb
rrb
pb
rb
rb
rb
rb
rb
pb
rrb
rrb
pb
rrb
pb
pb
rb
rb
rb
rb
rb
rb
rb
rb
rb
rb
rb
rb
pb
rrb
rrb
rrb
rrb
rrb
rrb
rrb
pb
ra
rrb
rrb
rrb
rrb
rrb
rrb
rrb
rrb
rrb
pb
rb
rb
rb
rb
rb
rb
rb
rb
rb
rb
rb
rb
rb
rb
rb
rb
rb
rb
pb
rrb
rrb
rrb
rrb
rrb
rrb
rrb
rrb
rrb
rrb
rrb
rrb
rrb
rrb
rrb
pb
rrb
pb
pb
rb
rb
rb
rb
rb
rb
rb
rb
rb
rb
rb
rb
rb
rb
rb
pb
rrb
rrb
rrb
rrb
rrb
rrb
rrb
rrb
rrb
rrb
rrb
rrb
rrb
rrb
rrb
rrb
rrb
rrb
pb
rb
rb
rb
rb
rb
rb
rb
rb
rb
rb
rb
rb
rb
rb
rb
rb
rb
rb
rb
rb
rb
rb
rb
rb
rb
rb
rb
pb
rb
rb
rb
rb
rb
pb
rrb
rrb
rrb
rrb
rrb
rrb
rrb
rrb
rrb
rrb
rrb
rrb
rrb
rrb
rrb
rrb
rrb
pb
rrb
rrb
rrb
rrb
rrb
rrb
rrb
rrb
rrb
rrb
rrb
rrb
rrb
rrb
rrb
pb
rrb
rrb
pb
rb
rb
rb
rb
rb
rb
rb
rb
rb
rb
rb
rb
pb
rb
rb
rb
rb
rb
rb
rb
rb
rb
rb
rb
rb
rb
rb
rb
rb
pb
ra
rrb
rrb
rrb
rrb
rrb
rrb
rrb
rrb
rrb
rrb
rrb
rrb
rrb
rrb
rrb
rrb
rrb
rrb
rrb
rrb
rrb
pb
rb
rb
rb
rb
rb
rb
rb
rb
rb
rb
pb
rb
rb
rb
rb
rb
rb
rb
rb
rb
rb
rb
rb
rb
rb
rb
rb
rb
rb
rb
rb
rb
rb
rb
rb
rb
rb
rb
rb
pb
rb
pb
rb
pb
pb
rrb
pb
rb
rb
rb
pa
rrb
pa
rrb
pa
rrb
pa
rrb
pa
rrb
pa
rrb
pa
rrb
pa
rrb
pa
rrb
pa
rrb
pa
rrb
pa
rrb
pa
rrb
pa
rrb
pa
rrb
pa
rrb
pa
rrb
pa
rrb
pa
rrb
pa
rrb
pa
rrb
pa
rrb
pa
rrb
pa
rrb
pa
rrb
pa
rrb
pa
rrb
pa
rrb
pa
rrb
pa
rrb
pa
rrb
pa
rrb
pa
rrb
pa
rrb
pa
rrb
pa
rrb
pa
rrb
pa
rrb
pa
rrb
pa
rrb
pa
rrb
pa
rrb
pa
rrb
pa
rrb
pa
rrb
pa
rrb
pa
rrb
pa
rrb
pa
rrb
pa
rrb
pa
rrb
pa
rrb
pa
rrb
pa
rrb
pa
rrb
pa
rrb
pa
rrb
pa
rrb
pa
rrb
pa
rrb
pa
rrb
pa
rrb
pa
rrb
pa
rrb
pa
rrb
pa
rrb
pa
rrb
pa
rrb
pa
rrb
pa
rrb
pa
rrb
pa
rrb
pa
rrb
pa
rrb
pa
rrb
pa
rrb
pa
rrb
pa
rrb
pa
rrb
pa
rrb
pa
rrb
pa
rrb
pa
rrb
pa
rrb
pa
rrb
pa
rrb
pa
rrb
pa
rrb
pa
rrb
pa
rrb
pa
rrb
pa
rrb
pa
rrb
pa
rrb
pa
rrb
pa
rrb
pa
rrb
pa
rrb
pa
rrb
pa
rrb
pa
rrb
pa
rrb
pa
rrb
pa
rrb
pa
rrb
pa
rrb
pa
rrb
pa
rrb
pa
rrb
pa
rrb
pa
rrb
pa
rrb
pa
rrb
pa
rrb
pa
rrb
pa
rrb
pa
rrb
pa
rrb
pa
rrb
pa
rrb
pa
rrb
pa
rrb
pa
rrb
pa
rrb
pa
rrb
pa
rrb
pa
rrb
pa
rrb
pa
rrb
pa
rrb
pa
rrb
pa
rrb
pa
rrb
pa
rrb
pa
rrb
pa
rrb
pa
rrb
pa
rrb
pa
rrb
pa
rrb
pa
rrb
pa
rrb
pa
rrb
pa
rrb
pa
rrb
pa
rrb
pa
rrb
pa
rrb
pa
rrb
pa
rrb
pa
rrb
pa
rrb
pa
rrb
pa
rrb
pa
rrb
pa
rrb
pa
rrb
pa
rrb
pa
rrb
pa
rrb
pa
rrb
pa
rrb
pa
rrb
pa
rrb
pa
rrb
pa
rrb
pa
rrb
pa
rrb
pa
rrb
pa
rrb
pa
rrb
pa
rrb
pa
rrb
pa
rrb
pa
rrb
pa
rrb
pa
rrb
pa
rrb
pa
rrb
pa
rrb
pa
rrb
pa
rrb
pa
rrb
pa
rrb
pa
rrb
pa
rrb
pa
rrb
pa
rrb
pa
rrb
pa
rrb
pa
rrb
pa
rrb
pa
rrb
pa
rrb
pa
rrb
pa
rrb
pa
rrb
pa
rrb
pa
rrb
pa
rrb
pa
rrb
pa
rrb
pa
rrb
pa
rrb
pa
rrb
pa
rrb
pa
rrb
pa
rrb
pa
rrb
pa
rrb
pa
rrb
pa
rrb
pa
rrb
pa
rrb
pa
rrb
pa
rrb
pa
rrb
pa
rrb
pa
rrb
pa
rrb
pa
rrb
pa
rrb
pa
rrb
pa
rrb
pa
rrb
pa
rrb
pa
rrb
pa
rrb
pa
rrb
pa
rrb
pa
rrb
pa
rrb
pa
rrb
pa
rrb
pa
rrb
pa
rrb
pa
rrb
pa
rrb
pa
rrb
pa
rrb
pa
rrb
pa
rrb
pa
rrb
pa
rrb
pa
rrb
pa
rrb
pa
rrb
pa
rrb
pa
rrb
pa
rrb
pa
rrb
pa
rrb
pa
rrb
pa
rrb
pa
rrb
pa
rrb
pa
rrb
pa
rrb
pa
rrb
pa
rrb
pa
rrb
pa
rrb
pa
rrb
pa
rrb
pa
rrb
pa
rrb
pa
rrb
pa
rrb
pa
rrb
pa
rrb
pa
rrb
pa
rrb
pa
rrb
pa
rrb
pa
rrb
pa
rrb
pa
rrb
pa
rrb
pa
rrb
pa
rrb
pa
rrb
pa
rrb
pa
rrb
pa
rrb
pa
rrb
pa
rrb
pa
rrb
pa
rrb
pa
rrb
pa
rrb
pa
rrb
pa
rrb
pa
rrb
pa
rrb
pa
rrb
pa
rrb
pa
rrb
pa
rrb
pa
rrb
pa
rrb
pa
rrb
pa
rrb
pa
rrb
pa
rrb
pa
rrb
pa
rrb
pa
rrb
pa
rrb
pa
rrb
pa
rrb
pa
rrb
pa
rrb
pa
rrb
pa
rrb
pa
rrb
pa
rrb
pa
rrb
pa
rrb
pa
rrb
pa
rrb
pa
rrb
pa
rrb
pa
rrb
pa
rrb
pa
rrb
pa
rrb
pa
rrb
pa
rrb
pa
rrb
pa
rrb
pa
rrb
pa
rrb
pa
rrb
pa
rrb
pa
rrb
pa
rrb
pa
rrb
pa
rrb
pa
rrb
pa
rrb
pa
rrb
pa
rrb
pa
rrb
pa
rrb
pa
rrb
pa
rrb
pa
rrb
pa
rrb
pa
rrb
pa
rrb
pa
rrb
pa
rrb
pa
rrb
pa
rrb
pa
rrb
pa
rrb
pa
rrb
pa
rrb
pa
rrb
pa
rrb
pa
rrb
pa
rrb
pa
rrb
pa
rrb
pa
rrb
pa
rrb
pa
rrb
pa
rrb
pa
rrb
pa
rrb
pa
rrb
pa
rrb
pa
rrb
pa
rrb
pa
rrb
pa
rrb
pa
rrb
pa
rrb
pa
rrb
pa
rrb
pa
rrb
pa
rrb
pa
rrb
pa
rrb
pa
rrb
pa
rrb
pa
rrb
pa
rrb
pa
rrb
pa
rrb
pa
rrb
pa
rrb
pa
rrb
pa
rrb
pa
rrb
pa
rrb
pa
rrb
pa
rrb
pa
rrb
pa
rrb
pa
rrb
pa
rrb
pa
rrb
pa
rrb
pa
rrb
pa
rrb
pa
rrb
pa
rrb
pa
rrb
pa
rrb
pa
rrb
pa
rrb
pa
rrb
pa
rrb
pa
rrb
pa
rrb
pa
rrb
pa
rrb
pa
rrb
pa
rrb
pa
rrb
pa
rrb
pa
rrb
pa
rrb
pa
rrb
pa
rrb
pa
rrb
pa
rrb
pa
rrb
pa
rrb
pa
rrb
pa
rrb
pa
rrb
pa
rrb
pa
rrb
pa
rrb
pa
rrb
pa
rrb
pa
rrb
pa
rrb
pa
rrb
pa
rrb
pa
rrb
pa
rrb
pa
rrb
pa
rrb
pa
rrb
pa
rrb
pa
rrb
pa
rrb
pa
rrb
pa
rrb
pa
rrb
pa
rrb
pa
rrb
pa
rrb
pa
rrb
pa
rrb
pa
rrb
pa
rrb
pa
rrb
pa
rrb
pa
rrb
pa
rrb
pa
rrb
pa
rrb
pa
rrb
pa
rrb
pa
rrb
pa
rrb
pa
rrb
pa
rrb
pa
rrb
pa
rrb
pa
rrb
pa
rrb
pa
rrb
pa
rrb
pa
rrb
pa
rrb
pa
rrb
pa
rrb
pa
rrb
pa
rrb
pa
rrb
pa
rrb
pa
rrb
pa
rrb
pa
rrb
pa
rrb
pa
rrb
pa
rrb
pa
rrb
pa
rrb
pa
rrb
pa
rrb
pa
rrb
pa
rrb
pa
pa

----------------------------------
Check if pile B is empty, it should be !!!!
PILE A

----------------------------------
stack is sorted !!!!

----------------------------------
Program terminated ! Keep going, initiate !!!
-994
-989
-986
-978
-977
-975
-970
-968
-956
-949
-948
-947
-943
-942
-938
-937
-936
-931
-928
-927
-923
-913
-909
-908
-905
-895
-888
-887
-886
-883
-874
-871
-870
-866
-861
-857
-856
-855
-851
-827
-824
-823
-822
-816
-810
-808
-798
-797
-789
-784
-782
-781
-777
-776
-775
-767
-765
-756
-755
-748
-746
-742
-740
-735
-734
-733
-728
-725
-724
-723
-720
-714
-713
-712
-711
-705
-703
-700
-693
-688
-680
-678
-676
-674
-668
-665
-664
-663
-662
-655
-654
-651
-650
-647
-644
-643
-632
-631
-627
-625
-620
-613
-611
-608
-606
-603
-584
-581
-577
-575
-574
-572
-564
-562
-561
-557
-552
-548
-543
-532
-531
-530
-527
-523
-522
-515
-513
-507
-506
-505
-498
-497
-495
-494
-484
-483
-475
-473
-472
-464
-463
-461
-458
-456
-454
-450
-449
-448
-447
-446
-438
-433
-423
-419
-417
-415
-413
-407
-401
-385
-379
-377
-371
-370
-367
-362
-361
-360
-359
-357
-356
-355
-353
-352
-350
-349
-346
-340
-333
-332
-326
-323
-320
-308
-305
-298
-292
-268
-266
-265
-262
-256
-254
-250
-241
-240
-238
-228
-220
-215
-211
-207
-205
-203
-194
-184
-182
-180
-177
-176
-170
-160
-157
-155
-154
-151
-149
-144
-143
-139
-138
-130
-112
-109
-108
-105
-102
-100
-95
-93
-82
-80
-75
-70
-64
-62
-58
-52
-45
-44
-43
-41
-31
-29
-28
-24
-15
-12
-11
-8
-5
3
6
17
19
20
23
25
26
27
28
33
36
40
42
43
45
47
51
52
55
58
60
72
74
75
79
82
86
87
88
89
101
112
122
123
124
128
130
134
138
140
146
147
149
159
160
162
165
173
176
179
180
182
188
190
191
192
202
205
206
212
215
216
219
221
223
224
226
227
228
231
233
234
235
239
240
250
257
266
268
270
274
282
284
286
290
292
293
294
296
297
305
306
311
314
326
336
337
338
352
353
355
361
381
387
390
392
400
401
403
404
407
408
409
418
419
421
423
425
430
434
435
441
449
452
456
469
479
485
487
489
492
498
511
514
517
518
520
529
536
539
543
550
556
561
567
569
570
573
577
579
582
596
597
598
608
610
611
613
618
622
633
637
644
650
665
668
670
671
684
700
703
704
706
708
709
712
715
719
730
731
739
741
749
750
761
762
766
768
771
785
789
794
795
798
799
809
821
823
825
827
839
840
842
851
854
858
859
869
872
876
880
881
882
883
886
888
889
890
891
892
897
898
899
910
913
920
922
927
930
937
938
949
951
954
959
963
964
972
977
978
981
985
986
989
991
993
995
997
sorted in 8090 moves
